================================================================================
Batch Processing All Runs
================================================================================
Input path: /home/ab823254/data/raw/tieredPricing
Output path: /home/ab823254/data/tiered_pricing_network_economics/result_analysis/batch_results
Found 54000 run folders to process
Processing run 0: run_00000_g0.0010_b0.30_a0.10_s0.05
Progress: 100/54000 (0.2%) - Rate: 209.9 runs/sec - ETA: 4.3 min
Progress: 200/54000 (0.4%) - Rate: 209.2 runs/sec - ETA: 4.3 min
Progress: 300/54000 (0.6%) - Rate: 205.5 runs/sec - ETA: 4.4 min
Progress: 400/54000 (0.7%) - Rate: 207.8 runs/sec - ETA: 4.3 min
Progress: 500/54000 (0.9%) - Rate: 208.4 runs/sec - ETA: 4.3 min
Progress: 600/54000 (1.1%) - Rate: 209.4 runs/sec - ETA: 4.3 min
Progress: 700/54000 (1.3%) - Rate: 209.9 runs/sec - ETA: 4.2 min
Progress: 800/54000 (1.5%) - Rate: 212.1 runs/sec - ETA: 4.2 min
Progress: 900/54000 (1.7%) - Rate: 211.9 runs/sec - ETA: 4.2 min
Progress: 1000/54000 (1.9%) - Rate: 210.8 runs/sec - ETA: 4.2 min
Progress: 1100/54000 (2.0%) - Rate: 209.6 runs/sec - ETA: 4.2 min
Progress: 1200/54000 (2.2%) - Rate: 209.3 runs/sec - ETA: 4.2 min
Progress: 1300/54000 (2.4%) - Rate: 208.7 runs/sec - ETA: 4.2 min
Progress: 1400/54000 (2.6%) - Rate: 207.7 runs/sec - ETA: 4.2 min
Progress: 1500/54000 (2.8%) - Rate: 207.8 runs/sec - ETA: 4.2 min
Progress: 1600/54000 (3.0%) - Rate: 207.7 runs/sec - ETA: 4.2 min
Progress: 1700/54000 (3.1%) - Rate: 207.8 runs/sec - ETA: 4.2 min
Progress: 1800/54000 (3.3%) - Rate: 207.8 runs/sec - ETA: 4.2 min
Progress: 1900/54000 (3.5%) - Rate: 207.1 runs/sec - ETA: 4.2 min
Progress: 2000/54000 (3.7%) - Rate: 207.0 runs/sec - ETA: 4.2 min
Progress: 2100/54000 (3.9%) - Rate: 207.2 runs/sec - ETA: 4.2 min
Progress: 2200/54000 (4.1%) - Rate: 207.3 runs/sec - ETA: 4.2 min
Progress: 2300/54000 (4.3%) - Rate: 207.3 runs/sec - ETA: 4.2 min
Progress: 2400/54000 (4.4%) - Rate: 207.3 runs/sec - ETA: 4.1 min
Progress: 2500/54000 (4.6%) - Rate: 207.3 runs/sec - ETA: 4.1 min
Progress: 2600/54000 (4.8%) - Rate: 207.1 runs/sec - ETA: 4.1 min
Progress: 2700/54000 (5.0%) - Rate: 206.9 runs/sec - ETA: 4.1 min
Progress: 2800/54000 (5.2%) - Rate: 206.7 runs/sec - ETA: 4.1 min
Progress: 2900/54000 (5.4%) - Rate: 206.8 runs/sec - ETA: 4.1 min
Progress: 3000/54000 (5.6%) - Rate: 206.7 runs/sec - ETA: 4.1 min
Progress: 3100/54000 (5.7%) - Rate: 206.6 runs/sec - ETA: 4.1 min
Progress: 3200/54000 (5.9%) - Rate: 206.6 runs/sec - ETA: 4.1 min
Progress: 3300/54000 (6.1%) - Rate: 206.6 runs/sec - ETA: 4.1 min
Progress: 3400/54000 (6.3%) - Rate: 206.5 runs/sec - ETA: 4.1 min
Progress: 3500/54000 (6.5%) - Rate: 206.6 runs/sec - ETA: 4.1 min
Progress: 3600/54000 (6.7%) - Rate: 206.6 runs/sec - ETA: 4.1 min
Progress: 3700/54000 (6.9%) - Rate: 206.6 runs/sec - ETA: 4.1 min
Progress: 3800/54000 (7.0%) - Rate: 206.6 runs/sec - ETA: 4.1 min
Progress: 3900/54000 (7.2%) - Rate: 206.7 runs/sec - ETA: 4.0 min
Progress: 4000/54000 (7.4%) - Rate: 206.8 runs/sec - ETA: 4.0 min
Progress: 4100/54000 (7.6%) - Rate: 206.9 runs/sec - ETA: 4.0 min
Progress: 4200/54000 (7.8%) - Rate: 207.0 runs/sec - ETA: 4.0 min
Progress: 4300/54000 (8.0%) - Rate: 206.9 runs/sec - ETA: 4.0 min
Progress: 4400/54000 (8.1%) - Rate: 207.1 runs/sec - ETA: 4.0 min
Progress: 4500/54000 (8.3%) - Rate: 207.1 runs/sec - ETA: 4.0 min
Progress: 4600/54000 (8.5%) - Rate: 207.2 runs/sec - ETA: 4.0 min
Progress: 4700/54000 (8.7%) - Rate: 207.4 runs/sec - ETA: 4.0 min
Progress: 4800/54000 (8.9%) - Rate: 207.5 runs/sec - ETA: 4.0 min
Progress: 4900/54000 (9.1%) - Rate: 207.5 runs/sec - ETA: 3.9 min
Progress: 5000/54000 (9.3%) - Rate: 207.5 runs/sec - ETA: 3.9 min
Progress: 5100/54000 (9.4%) - Rate: 207.5 runs/sec - ETA: 3.9 min
Progress: 5200/54000 (9.6%) - Rate: 207.4 runs/sec - ETA: 3.9 min
Progress: 5300/54000 (9.8%) - Rate: 207.5 runs/sec - ETA: 3.9 min
Progress: 5400/54000 (10.0%) - Rate: 207.5 runs/sec - ETA: 3.9 min
Progress: 5500/54000 (10.2%) - Rate: 207.5 runs/sec - ETA: 3.9 min
Progress: 5600/54000 (10.4%) - Rate: 207.6 runs/sec - ETA: 3.9 min
Progress: 5700/54000 (10.6%) - Rate: 207.7 runs/sec - ETA: 3.9 min
Progress: 5800/54000 (10.7%) - Rate: 207.5 runs/sec - ETA: 3.9 min
Progress: 5900/54000 (10.9%) - Rate: 207.5 runs/sec - ETA: 3.9 min
Progress: 6000/54000 (11.1%) - Rate: 207.5 runs/sec - ETA: 3.9 min
Progress: 6100/54000 (11.3%) - Rate: 207.5 runs/sec - ETA: 3.8 min
Progress: 6200/54000 (11.5%) - Rate: 207.6 runs/sec - ETA: 3.8 min
Progress: 6300/54000 (11.7%) - Rate: 207.7 runs/sec - ETA: 3.8 min
Progress: 6400/54000 (11.9%) - Rate: 207.5 runs/sec - ETA: 3.8 min
Progress: 6500/54000 (12.0%) - Rate: 207.5 runs/sec - ETA: 3.8 min
Progress: 6600/54000 (12.2%) - Rate: 207.4 runs/sec - ETA: 3.8 min
Progress: 6700/54000 (12.4%) - Rate: 207.5 runs/sec - ETA: 3.8 min
Progress: 6800/54000 (12.6%) - Rate: 207.5 runs/sec - ETA: 3.8 min
Progress: 6900/54000 (12.8%) - Rate: 207.5 runs/sec - ETA: 3.8 min
Progress: 7000/54000 (13.0%) - Rate: 207.5 runs/sec - ETA: 3.8 min
Progress: 7100/54000 (13.1%) - Rate: 207.4 runs/sec - ETA: 3.8 min
Progress: 7200/54000 (13.3%) - Rate: 207.3 runs/sec - ETA: 3.8 min
Progress: 7300/54000 (13.5%) - Rate: 207.4 runs/sec - ETA: 3.8 min
Progress: 7400/54000 (13.7%) - Rate: 207.3 runs/sec - ETA: 3.7 min
Progress: 7500/54000 (13.9%) - Rate: 207.2 runs/sec - ETA: 3.7 min
Progress: 7600/54000 (14.1%) - Rate: 207.3 runs/sec - ETA: 3.7 min
Progress: 7700/54000 (14.3%) - Rate: 207.3 runs/sec - ETA: 3.7 min
Progress: 7800/54000 (14.4%) - Rate: 207.4 runs/sec - ETA: 3.7 min
Progress: 7900/54000 (14.6%) - Rate: 207.3 runs/sec - ETA: 3.7 min
Progress: 8000/54000 (14.8%) - Rate: 207.3 runs/sec - ETA: 3.7 min
Progress: 8100/54000 (15.0%) - Rate: 207.3 runs/sec - ETA: 3.7 min
Progress: 8200/54000 (15.2%) - Rate: 207.2 runs/sec - ETA: 3.7 min
Progress: 8300/54000 (15.4%) - Rate: 207.3 runs/sec - ETA: 3.7 min
Progress: 8400/54000 (15.6%) - Rate: 207.3 runs/sec - ETA: 3.7 min
Progress: 8500/54000 (15.7%) - Rate: 207.2 runs/sec - ETA: 3.7 min
Progress: 8600/54000 (15.9%) - Rate: 207.2 runs/sec - ETA: 3.7 min
Progress: 8700/54000 (16.1%) - Rate: 207.2 runs/sec - ETA: 3.6 min
Progress: 8800/54000 (16.3%) - Rate: 207.3 runs/sec - ETA: 3.6 min
Progress: 8900/54000 (16.5%) - Rate: 207.3 runs/sec - ETA: 3.6 min
Progress: 9000/54000 (16.7%) - Rate: 207.2 runs/sec - ETA: 3.6 min
Progress: 9100/54000 (16.9%) - Rate: 207.2 runs/sec - ETA: 3.6 min
Progress: 9200/54000 (17.0%) - Rate: 207.1 runs/sec - ETA: 3.6 min
Progress: 9300/54000 (17.2%) - Rate: 207.1 runs/sec - ETA: 3.6 min
Progress: 9400/54000 (17.4%) - Rate: 207.3 runs/sec - ETA: 3.6 min
Progress: 9500/54000 (17.6%) - Rate: 207.5 runs/sec - ETA: 3.6 min
Progress: 9600/54000 (17.8%) - Rate: 207.5 runs/sec - ETA: 3.6 min
Progress: 9700/54000 (18.0%) - Rate: 207.6 runs/sec - ETA: 3.6 min
Progress: 9800/54000 (18.1%) - Rate: 207.6 runs/sec - ETA: 3.5 min
Progress: 9900/54000 (18.3%) - Rate: 207.6 runs/sec - ETA: 3.5 min
Progress: 10000/54000 (18.5%) - Rate: 207.5 runs/sec - ETA: 3.5 min
Progress: 10100/54000 (18.7%) - Rate: 207.5 runs/sec - ETA: 3.5 min
Progress: 10200/54000 (18.9%) - Rate: 207.6 runs/sec - ETA: 3.5 min
Progress: 10300/54000 (19.1%) - Rate: 207.5 runs/sec - ETA: 3.5 min
Progress: 10400/54000 (19.3%) - Rate: 207.6 runs/sec - ETA: 3.5 min
Progress: 10500/54000 (19.4%) - Rate: 207.6 runs/sec - ETA: 3.5 min
Progress: 10600/54000 (19.6%) - Rate: 207.6 runs/sec - ETA: 3.5 min
Progress: 10700/54000 (19.8%) - Rate: 207.6 runs/sec - ETA: 3.5 min
Progress: 10800/54000 (20.0%) - Rate: 207.5 runs/sec - ETA: 3.5 min
Progress: 10900/54000 (20.2%) - Rate: 207.5 runs/sec - ETA: 3.5 min
Progress: 11000/54000 (20.4%) - Rate: 207.5 runs/sec - ETA: 3.5 min
Progress: 11100/54000 (20.6%) - Rate: 207.4 runs/sec - ETA: 3.4 min
Progress: 11200/54000 (20.7%) - Rate: 207.4 runs/sec - ETA: 3.4 min
Progress: 11300/54000 (20.9%) - Rate: 207.3 runs/sec - ETA: 3.4 min
Progress: 11400/54000 (21.1%) - Rate: 207.3 runs/sec - ETA: 3.4 min
Progress: 11500/54000 (21.3%) - Rate: 207.3 runs/sec - ETA: 3.4 min
Progress: 11600/54000 (21.5%) - Rate: 207.2 runs/sec - ETA: 3.4 min
Progress: 11700/54000 (21.7%) - Rate: 207.2 runs/sec - ETA: 3.4 min
Progress: 11800/54000 (21.9%) - Rate: 207.2 runs/sec - ETA: 3.4 min
Progress: 11900/54000 (22.0%) - Rate: 207.2 runs/sec - ETA: 3.4 min
Progress: 12000/54000 (22.2%) - Rate: 207.1 runs/sec - ETA: 3.4 min
Progress: 12100/54000 (22.4%) - Rate: 207.0 runs/sec - ETA: 3.4 min
Progress: 12200/54000 (22.6%) - Rate: 207.1 runs/sec - ETA: 3.4 min
Progress: 12300/54000 (22.8%) - Rate: 207.1 runs/sec - ETA: 3.4 min
Progress: 12400/54000 (23.0%) - Rate: 207.1 runs/sec - ETA: 3.3 min
Progress: 12500/54000 (23.1%) - Rate: 207.1 runs/sec - ETA: 3.3 min
Progress: 12600/54000 (23.3%) - Rate: 207.0 runs/sec - ETA: 3.3 min
Progress: 12700/54000 (23.5%) - Rate: 207.0 runs/sec - ETA: 3.3 min
Progress: 12800/54000 (23.7%) - Rate: 206.9 runs/sec - ETA: 3.3 min
Progress: 12900/54000 (23.9%) - Rate: 206.9 runs/sec - ETA: 3.3 min
Progress: 13000/54000 (24.1%) - Rate: 206.9 runs/sec - ETA: 3.3 min
Progress: 13100/54000 (24.3%) - Rate: 207.1 runs/sec - ETA: 3.3 min
Progress: 13200/54000 (24.4%) - Rate: 207.7 runs/sec - ETA: 3.3 min
Progress: 13300/54000 (24.6%) - Rate: 208.3 runs/sec - ETA: 3.3 min
Progress: 13400/54000 (24.8%) - Rate: 208.8 runs/sec - ETA: 3.2 min
Progress: 13500/54000 (25.0%) - Rate: 209.4 runs/sec - ETA: 3.2 min
Progress: 13600/54000 (25.2%) - Rate: 210.0 runs/sec - ETA: 3.2 min
Progress: 13700/54000 (25.4%) - Rate: 210.5 runs/sec - ETA: 3.2 min
Progress: 13800/54000 (25.6%) - Rate: 211.1 runs/sec - ETA: 3.2 min
Progress: 13900/54000 (25.7%) - Rate: 211.7 runs/sec - ETA: 3.2 min
Progress: 14000/54000 (25.9%) - Rate: 212.2 runs/sec - ETA: 3.1 min
Progress: 14100/54000 (26.1%) - Rate: 212.8 runs/sec - ETA: 3.1 min
Progress: 14200/54000 (26.3%) - Rate: 213.3 runs/sec - ETA: 3.1 min
Progress: 14300/54000 (26.5%) - Rate: 213.9 runs/sec - ETA: 3.1 min
Progress: 14400/54000 (26.7%) - Rate: 214.4 runs/sec - ETA: 3.1 min
Progress: 14500/54000 (26.9%) - Rate: 214.9 runs/sec - ETA: 3.1 min
Progress: 14600/54000 (27.0%) - Rate: 215.4 runs/sec - ETA: 3.0 min
Progress: 14700/54000 (27.2%) - Rate: 216.0 runs/sec - ETA: 3.0 min
Progress: 14800/54000 (27.4%) - Rate: 216.5 runs/sec - ETA: 3.0 min
Progress: 14900/54000 (27.6%) - Rate: 217.0 runs/sec - ETA: 3.0 min
Progress: 15000/54000 (27.8%) - Rate: 217.5 runs/sec - ETA: 3.0 min
Progress: 15100/54000 (28.0%) - Rate: 218.0 runs/sec - ETA: 3.0 min
Progress: 15200/54000 (28.1%) - Rate: 218.5 runs/sec - ETA: 3.0 min
Progress: 15300/54000 (28.3%) - Rate: 218.9 runs/sec - ETA: 2.9 min
Progress: 15400/54000 (28.5%) - Rate: 219.4 runs/sec - ETA: 2.9 min
Progress: 15500/54000 (28.7%) - Rate: 219.9 runs/sec - ETA: 2.9 min
Progress: 15600/54000 (28.9%) - Rate: 220.4 runs/sec - ETA: 2.9 min
Progress: 15700/54000 (29.1%) - Rate: 220.8 runs/sec - ETA: 2.9 min
Progress: 15800/54000 (29.3%) - Rate: 221.3 runs/sec - ETA: 2.9 min
Progress: 15900/54000 (29.4%) - Rate: 221.8 runs/sec - ETA: 2.9 min
Progress: 16000/54000 (29.6%) - Rate: 222.3 runs/sec - ETA: 2.8 min
Progress: 16100/54000 (29.8%) - Rate: 222.7 runs/sec - ETA: 2.8 min
Progress: 16200/54000 (30.0%) - Rate: 223.2 runs/sec - ETA: 2.8 min
Progress: 16300/54000 (30.2%) - Rate: 223.6 runs/sec - ETA: 2.8 min
Progress: 16400/54000 (30.4%) - Rate: 224.1 runs/sec - ETA: 2.8 min
Progress: 16500/54000 (30.6%) - Rate: 224.5 runs/sec - ETA: 2.8 min
Progress: 16600/54000 (30.7%) - Rate: 224.9 runs/sec - ETA: 2.8 min
Progress: 16700/54000 (30.9%) - Rate: 225.3 runs/sec - ETA: 2.8 min
Progress: 16800/54000 (31.1%) - Rate: 225.8 runs/sec - ETA: 2.7 min
Progress: 16900/54000 (31.3%) - Rate: 226.2 runs/sec - ETA: 2.7 min
Progress: 17000/54000 (31.5%) - Rate: 226.6 runs/sec - ETA: 2.7 min
Progress: 17100/54000 (31.7%) - Rate: 227.1 runs/sec - ETA: 2.7 min
Progress: 17200/54000 (31.9%) - Rate: 227.5 runs/sec - ETA: 2.7 min
Progress: 17300/54000 (32.0%) - Rate: 227.9 runs/sec - ETA: 2.7 min
Progress: 17400/54000 (32.2%) - Rate: 228.3 runs/sec - ETA: 2.7 min
Progress: 17500/54000 (32.4%) - Rate: 228.7 runs/sec - ETA: 2.7 min
Progress: 17600/54000 (32.6%) - Rate: 229.1 runs/sec - ETA: 2.6 min
Progress: 17700/54000 (32.8%) - Rate: 229.5 runs/sec - ETA: 2.6 min
Progress: 17800/54000 (33.0%) - Rate: 229.9 runs/sec - ETA: 2.6 min
Progress: 17900/54000 (33.1%) - Rate: 230.3 runs/sec - ETA: 2.6 min
Progress: 18000/54000 (33.3%) - Rate: 230.7 runs/sec - ETA: 2.6 min
Progress: 18100/54000 (33.5%) - Rate: 231.1 runs/sec - ETA: 2.6 min
Progress: 18200/54000 (33.7%) - Rate: 231.5 runs/sec - ETA: 2.6 min
Progress: 18300/54000 (33.9%) - Rate: 231.9 runs/sec - ETA: 2.6 min
Progress: 18400/54000 (34.1%) - Rate: 232.2 runs/sec - ETA: 2.6 min
Progress: 18500/54000 (34.3%) - Rate: 232.6 runs/sec - ETA: 2.5 min
Progress: 18600/54000 (34.4%) - Rate: 233.0 runs/sec - ETA: 2.5 min
Progress: 18700/54000 (34.6%) - Rate: 233.4 runs/sec - ETA: 2.5 min
Progress: 18800/54000 (34.8%) - Rate: 233.8 runs/sec - ETA: 2.5 min
Progress: 18900/54000 (35.0%) - Rate: 234.1 runs/sec - ETA: 2.5 min
Progress: 19000/54000 (35.2%) - Rate: 234.5 runs/sec - ETA: 2.5 min
Progress: 19100/54000 (35.4%) - Rate: 234.9 runs/sec - ETA: 2.5 min
Progress: 19200/54000 (35.6%) - Rate: 235.2 runs/sec - ETA: 2.5 min
Progress: 19300/54000 (35.7%) - Rate: 235.6 runs/sec - ETA: 2.5 min
Progress: 19400/54000 (35.9%) - Rate: 235.9 runs/sec - ETA: 2.4 min
Progress: 19500/54000 (36.1%) - Rate: 236.3 runs/sec - ETA: 2.4 min
Progress: 19600/54000 (36.3%) - Rate: 236.7 runs/sec - ETA: 2.4 min
Progress: 19700/54000 (36.5%) - Rate: 237.0 runs/sec - ETA: 2.4 min
Progress: 19800/54000 (36.7%) - Rate: 237.4 runs/sec - ETA: 2.4 min
Progress: 19900/54000 (36.9%) - Rate: 237.7 runs/sec - ETA: 2.4 min
Progress: 20000/54000 (37.0%) - Rate: 238.0 runs/sec - ETA: 2.4 min
Progress: 20100/54000 (37.2%) - Rate: 238.4 runs/sec - ETA: 2.4 min
Progress: 20200/54000 (37.4%) - Rate: 238.7 runs/sec - ETA: 2.4 min
Progress: 20300/54000 (37.6%) - Rate: 239.0 runs/sec - ETA: 2.4 min
Progress: 20400/54000 (37.8%) - Rate: 239.3 runs/sec - ETA: 2.3 min
Progress: 20500/54000 (38.0%) - Rate: 239.6 runs/sec - ETA: 2.3 min
Progress: 20600/54000 (38.1%) - Rate: 239.9 runs/sec - ETA: 2.3 min
Progress: 20700/54000 (38.3%) - Rate: 240.3 runs/sec - ETA: 2.3 min
Progress: 20800/54000 (38.5%) - Rate: 240.6 runs/sec - ETA: 2.3 min
Progress: 20900/54000 (38.7%) - Rate: 240.9 runs/sec - ETA: 2.3 min
Progress: 21000/54000 (38.9%) - Rate: 241.2 runs/sec - ETA: 2.3 min
Progress: 21100/54000 (39.1%) - Rate: 241.5 runs/sec - ETA: 2.3 min
Progress: 21200/54000 (39.3%) - Rate: 241.8 runs/sec - ETA: 2.3 min
Progress: 21300/54000 (39.4%) - Rate: 242.1 runs/sec - ETA: 2.3 min
Progress: 21400/54000 (39.6%) - Rate: 242.4 runs/sec - ETA: 2.2 min
Progress: 21500/54000 (39.8%) - Rate: 242.7 runs/sec - ETA: 2.2 min
Progress: 21600/54000 (40.0%) - Rate: 243.0 runs/sec - ETA: 2.2 min
Progress: 21700/54000 (40.2%) - Rate: 243.3 runs/sec - ETA: 2.2 min
Progress: 21800/54000 (40.4%) - Rate: 243.6 runs/sec - ETA: 2.2 min
Progress: 21900/54000 (40.6%) - Rate: 243.9 runs/sec - ETA: 2.2 min
Progress: 22000/54000 (40.7%) - Rate: 244.2 runs/sec - ETA: 2.2 min
Progress: 22100/54000 (40.9%) - Rate: 244.5 runs/sec - ETA: 2.2 min
Progress: 22200/54000 (41.1%) - Rate: 244.8 runs/sec - ETA: 2.2 min
Progress: 22300/54000 (41.3%) - Rate: 245.1 runs/sec - ETA: 2.2 min
Progress: 22400/54000 (41.5%) - Rate: 245.4 runs/sec - ETA: 2.1 min
Progress: 22500/54000 (41.7%) - Rate: 245.7 runs/sec - ETA: 2.1 min
Progress: 22600/54000 (41.9%) - Rate: 246.0 runs/sec - ETA: 2.1 min
Progress: 22700/54000 (42.0%) - Rate: 246.2 runs/sec - ETA: 2.1 min
Progress: 22800/54000 (42.2%) - Rate: 246.5 runs/sec - ETA: 2.1 min
Progress: 22900/54000 (42.4%) - Rate: 246.8 runs/sec - ETA: 2.1 min
Progress: 23000/54000 (42.6%) - Rate: 247.1 runs/sec - ETA: 2.1 min
Progress: 23100/54000 (42.8%) - Rate: 247.4 runs/sec - ETA: 2.1 min
Progress: 23200/54000 (43.0%) - Rate: 247.6 runs/sec - ETA: 2.1 min
Progress: 23300/54000 (43.1%) - Rate: 247.9 runs/sec - ETA: 2.1 min
Progress: 23400/54000 (43.3%) - Rate: 248.2 runs/sec - ETA: 2.1 min
Progress: 23500/54000 (43.5%) - Rate: 248.5 runs/sec - ETA: 2.0 min
Progress: 23600/54000 (43.7%) - Rate: 248.7 runs/sec - ETA: 2.0 min
Progress: 23700/54000 (43.9%) - Rate: 248.9 runs/sec - ETA: 2.0 min
Progress: 23800/54000 (44.1%) - Rate: 249.2 runs/sec - ETA: 2.0 min
Progress: 23900/54000 (44.3%) - Rate: 249.4 runs/sec - ETA: 2.0 min
Progress: 24000/54000 (44.4%) - Rate: 249.7 runs/sec - ETA: 2.0 min
Progress: 24100/54000 (44.6%) - Rate: 249.9 runs/sec - ETA: 2.0 min
Progress: 24200/54000 (44.8%) - Rate: 250.2 runs/sec - ETA: 2.0 min
Progress: 24300/54000 (45.0%) - Rate: 250.4 runs/sec - ETA: 2.0 min
Progress: 24400/54000 (45.2%) - Rate: 250.7 runs/sec - ETA: 2.0 min
Progress: 24500/54000 (45.4%) - Rate: 251.0 runs/sec - ETA: 2.0 min
Progress: 24600/54000 (45.6%) - Rate: 251.2 runs/sec - ETA: 2.0 min
Progress: 24700/54000 (45.7%) - Rate: 251.5 runs/sec - ETA: 1.9 min
Progress: 24800/54000 (45.9%) - Rate: 251.7 runs/sec - ETA: 1.9 min
Progress: 24900/54000 (46.1%) - Rate: 252.0 runs/sec - ETA: 1.9 min
Progress: 25000/54000 (46.3%) - Rate: 252.2 runs/sec - ETA: 1.9 min
Progress: 25100/54000 (46.5%) - Rate: 252.5 runs/sec - ETA: 1.9 min
Progress: 25200/54000 (46.7%) - Rate: 252.7 runs/sec - ETA: 1.9 min
Progress: 25300/54000 (46.9%) - Rate: 252.9 runs/sec - ETA: 1.9 min
Progress: 25400/54000 (47.0%) - Rate: 253.2 runs/sec - ETA: 1.9 min
Progress: 25500/54000 (47.2%) - Rate: 253.4 runs/sec - ETA: 1.9 min
Progress: 25600/54000 (47.4%) - Rate: 253.6 runs/sec - ETA: 1.9 min
Progress: 25700/54000 (47.6%) - Rate: 253.9 runs/sec - ETA: 1.9 min
Progress: 25800/54000 (47.8%) - Rate: 254.1 runs/sec - ETA: 1.8 min
Progress: 25900/54000 (48.0%) - Rate: 254.3 runs/sec - ETA: 1.8 min
Progress: 26000/54000 (48.1%) - Rate: 254.6 runs/sec - ETA: 1.8 min
Progress: 26100/54000 (48.3%) - Rate: 254.8 runs/sec - ETA: 1.8 min
Progress: 26200/54000 (48.5%) - Rate: 255.0 runs/sec - ETA: 1.8 min
Progress: 26300/54000 (48.7%) - Rate: 255.2 runs/sec - ETA: 1.8 min
Progress: 26400/54000 (48.9%) - Rate: 255.4 runs/sec - ETA: 1.8 min
Progress: 26500/54000 (49.1%) - Rate: 255.7 runs/sec - ETA: 1.8 min
Progress: 26600/54000 (49.3%) - Rate: 255.9 runs/sec - ETA: 1.8 min
Progress: 26700/54000 (49.4%) - Rate: 256.1 runs/sec - ETA: 1.8 min
Progress: 26800/54000 (49.6%) - Rate: 256.3 runs/sec - ETA: 1.8 min
Progress: 26900/54000 (49.8%) - Rate: 256.5 runs/sec - ETA: 1.8 min
Progress: 27000/54000 (50.0%) - Rate: 256.7 runs/sec - ETA: 1.8 min
Progress: 27100/54000 (50.2%) - Rate: 256.9 runs/sec - ETA: 1.7 min
Progress: 27200/54000 (50.4%) - Rate: 257.2 runs/sec - ETA: 1.7 min
Progress: 27300/54000 (50.6%) - Rate: 257.4 runs/sec - ETA: 1.7 min
Progress: 27400/54000 (50.7%) - Rate: 257.6 runs/sec - ETA: 1.7 min
Progress: 27500/54000 (50.9%) - Rate: 257.8 runs/sec - ETA: 1.7 min
Progress: 27600/54000 (51.1%) - Rate: 258.0 runs/sec - ETA: 1.7 min
Progress: 27700/54000 (51.3%) - Rate: 258.2 runs/sec - ETA: 1.7 min
Progress: 27800/54000 (51.5%) - Rate: 258.4 runs/sec - ETA: 1.7 min
Progress: 27900/54000 (51.7%) - Rate: 258.6 runs/sec - ETA: 1.7 min
Progress: 28000/54000 (51.9%) - Rate: 258.8 runs/sec - ETA: 1.7 min
Progress: 28100/54000 (52.0%) - Rate: 259.0 runs/sec - ETA: 1.7 min
Progress: 28200/54000 (52.2%) - Rate: 259.2 runs/sec - ETA: 1.7 min
Progress: 28300/54000 (52.4%) - Rate: 259.4 runs/sec - ETA: 1.7 min
Progress: 28400/54000 (52.6%) - Rate: 259.6 runs/sec - ETA: 1.6 min
Progress: 28500/54000 (52.8%) - Rate: 259.8 runs/sec - ETA: 1.6 min
Progress: 28600/54000 (53.0%) - Rate: 260.0 runs/sec - ETA: 1.6 min
Progress: 28700/54000 (53.1%) - Rate: 260.2 runs/sec - ETA: 1.6 min
Progress: 28800/54000 (53.3%) - Rate: 260.4 runs/sec - ETA: 1.6 min
Progress: 28900/54000 (53.5%) - Rate: 260.6 runs/sec - ETA: 1.6 min
Progress: 29000/54000 (53.7%) - Rate: 260.7 runs/sec - ETA: 1.6 min
Progress: 29100/54000 (53.9%) - Rate: 260.9 runs/sec - ETA: 1.6 min
Progress: 29200/54000 (54.1%) - Rate: 261.1 runs/sec - ETA: 1.6 min
Progress: 29300/54000 (54.3%) - Rate: 261.3 runs/sec - ETA: 1.6 min
Progress: 29400/54000 (54.4%) - Rate: 261.5 runs/sec - ETA: 1.6 min
Progress: 29500/54000 (54.6%) - Rate: 261.7 runs/sec - ETA: 1.6 min
Progress: 29600/54000 (54.8%) - Rate: 261.9 runs/sec - ETA: 1.6 min
Progress: 29700/54000 (55.0%) - Rate: 262.1 runs/sec - ETA: 1.5 min
Progress: 29800/54000 (55.2%) - Rate: 262.2 runs/sec - ETA: 1.5 min
Progress: 29900/54000 (55.4%) - Rate: 262.4 runs/sec - ETA: 1.5 min
Progress: 30000/54000 (55.6%) - Rate: 262.6 runs/sec - ETA: 1.5 min
Progress: 30100/54000 (55.7%) - Rate: 262.8 runs/sec - ETA: 1.5 min
Progress: 30200/54000 (55.9%) - Rate: 263.0 runs/sec - ETA: 1.5 min
Progress: 30300/54000 (56.1%) - Rate: 263.1 runs/sec - ETA: 1.5 min
Progress: 30400/54000 (56.3%) - Rate: 263.3 runs/sec - ETA: 1.5 min
Progress: 30500/54000 (56.5%) - Rate: 263.5 runs/sec - ETA: 1.5 min
Progress: 30600/54000 (56.7%) - Rate: 263.7 runs/sec - ETA: 1.5 min
Progress: 30700/54000 (56.9%) - Rate: 263.8 runs/sec - ETA: 1.5 min
Progress: 30800/54000 (57.0%) - Rate: 264.0 runs/sec - ETA: 1.5 min
Progress: 30900/54000 (57.2%) - Rate: 264.2 runs/sec - ETA: 1.5 min
Progress: 31000/54000 (57.4%) - Rate: 264.4 runs/sec - ETA: 1.4 min
Progress: 31100/54000 (57.6%) - Rate: 264.5 runs/sec - ETA: 1.4 min
Progress: 31200/54000 (57.8%) - Rate: 264.7 runs/sec - ETA: 1.4 min
Progress: 31300/54000 (58.0%) - Rate: 264.9 runs/sec - ETA: 1.4 min
Progress: 31400/54000 (58.1%) - Rate: 265.0 runs/sec - ETA: 1.4 min
Progress: 31500/54000 (58.3%) - Rate: 265.2 runs/sec - ETA: 1.4 min
Progress: 31600/54000 (58.5%) - Rate: 265.4 runs/sec - ETA: 1.4 min
Progress: 31700/54000 (58.7%) - Rate: 265.5 runs/sec - ETA: 1.4 min
Progress: 31800/54000 (58.9%) - Rate: 265.7 runs/sec - ETA: 1.4 min
Progress: 31900/54000 (59.1%) - Rate: 265.9 runs/sec - ETA: 1.4 min
Progress: 32000/54000 (59.3%) - Rate: 266.0 runs/sec - ETA: 1.4 min
Progress: 32100/54000 (59.4%) - Rate: 266.2 runs/sec - ETA: 1.4 min
Progress: 32200/54000 (59.6%) - Rate: 266.4 runs/sec - ETA: 1.4 min
Progress: 32300/54000 (59.8%) - Rate: 266.5 runs/sec - ETA: 1.4 min
Progress: 32400/54000 (60.0%) - Rate: 266.7 runs/sec - ETA: 1.3 min
Progress: 32500/54000 (60.2%) - Rate: 266.8 runs/sec - ETA: 1.3 min
Progress: 32600/54000 (60.4%) - Rate: 267.0 runs/sec - ETA: 1.3 min
Progress: 32700/54000 (60.6%) - Rate: 267.2 runs/sec - ETA: 1.3 min
Progress: 32800/54000 (60.7%) - Rate: 267.3 runs/sec - ETA: 1.3 min
Progress: 32900/54000 (60.9%) - Rate: 267.5 runs/sec - ETA: 1.3 min
Progress: 33000/54000 (61.1%) - Rate: 267.6 runs/sec - ETA: 1.3 min
Progress: 33100/54000 (61.3%) - Rate: 267.8 runs/sec - ETA: 1.3 min
Progress: 33200/54000 (61.5%) - Rate: 268.0 runs/sec - ETA: 1.3 min
Progress: 33300/54000 (61.7%) - Rate: 268.1 runs/sec - ETA: 1.3 min
Progress: 33400/54000 (61.9%) - Rate: 268.3 runs/sec - ETA: 1.3 min
Progress: 33500/54000 (62.0%) - Rate: 268.4 runs/sec - ETA: 1.3 min
Progress: 33600/54000 (62.2%) - Rate: 268.6 runs/sec - ETA: 1.3 min
Progress: 33700/54000 (62.4%) - Rate: 268.7 runs/sec - ETA: 1.3 min
Progress: 33800/54000 (62.6%) - Rate: 268.9 runs/sec - ETA: 1.3 min
Progress: 33900/54000 (62.8%) - Rate: 269.0 runs/sec - ETA: 1.2 min
Progress: 34000/54000 (63.0%) - Rate: 269.2 runs/sec - ETA: 1.2 min
Progress: 34100/54000 (63.1%) - Rate: 269.3 runs/sec - ETA: 1.2 min
Progress: 34200/54000 (63.3%) - Rate: 269.5 runs/sec - ETA: 1.2 min
Progress: 34300/54000 (63.5%) - Rate: 269.6 runs/sec - ETA: 1.2 min
Progress: 34400/54000 (63.7%) - Rate: 269.7 runs/sec - ETA: 1.2 min
Progress: 34500/54000 (63.9%) - Rate: 269.9 runs/sec - ETA: 1.2 min
Progress: 34600/54000 (64.1%) - Rate: 270.0 runs/sec - ETA: 1.2 min
Progress: 34700/54000 (64.3%) - Rate: 270.2 runs/sec - ETA: 1.2 min
Progress: 34800/54000 (64.4%) - Rate: 270.3 runs/sec - ETA: 1.2 min
Progress: 34900/54000 (64.6%) - Rate: 270.5 runs/sec - ETA: 1.2 min
Progress: 35000/54000 (64.8%) - Rate: 270.6 runs/sec - ETA: 1.2 min
Progress: 35100/54000 (65.0%) - Rate: 270.7 runs/sec - ETA: 1.2 min
Progress: 35200/54000 (65.2%) - Rate: 270.9 runs/sec - ETA: 1.2 min
Progress: 35300/54000 (65.4%) - Rate: 271.0 runs/sec - ETA: 1.2 min
Progress: 35400/54000 (65.6%) - Rate: 271.2 runs/sec - ETA: 1.1 min
Progress: 35500/54000 (65.7%) - Rate: 271.2 runs/sec - ETA: 1.1 min
Progress: 35600/54000 (65.9%) - Rate: 271.4 runs/sec - ETA: 1.1 min
Progress: 35700/54000 (66.1%) - Rate: 271.5 runs/sec - ETA: 1.1 min
Progress: 35800/54000 (66.3%) - Rate: 271.6 runs/sec - ETA: 1.1 min
Progress: 35900/54000 (66.5%) - Rate: 271.8 runs/sec - ETA: 1.1 min
Progress: 36000/54000 (66.7%) - Rate: 271.9 runs/sec - ETA: 1.1 min
Progress: 36100/54000 (66.9%) - Rate: 272.0 runs/sec - ETA: 1.1 min
Progress: 36200/54000 (67.0%) - Rate: 272.2 runs/sec - ETA: 1.1 min
Progress: 36300/54000 (67.2%) - Rate: 272.3 runs/sec - ETA: 1.1 min
Progress: 36400/54000 (67.4%) - Rate: 272.5 runs/sec - ETA: 1.1 min
Progress: 36500/54000 (67.6%) - Rate: 272.6 runs/sec - ETA: 1.1 min
Progress: 36600/54000 (67.8%) - Rate: 272.7 runs/sec - ETA: 1.1 min
Progress: 36700/54000 (68.0%) - Rate: 272.8 runs/sec - ETA: 1.1 min
Progress: 36800/54000 (68.1%) - Rate: 273.0 runs/sec - ETA: 1.1 min
Progress: 36900/54000 (68.3%) - Rate: 273.1 runs/sec - ETA: 1.0 min
Progress: 37000/54000 (68.5%) - Rate: 273.2 runs/sec - ETA: 1.0 min
Progress: 37100/54000 (68.7%) - Rate: 273.4 runs/sec - ETA: 1.0 min
Progress: 37200/54000 (68.9%) - Rate: 273.5 runs/sec - ETA: 1.0 min
Progress: 37300/54000 (69.1%) - Rate: 273.6 runs/sec - ETA: 1.0 min
Progress: 37400/54000 (69.3%) - Rate: 273.7 runs/sec - ETA: 1.0 min
Progress: 37500/54000 (69.4%) - Rate: 273.9 runs/sec - ETA: 1.0 min
Progress: 37600/54000 (69.6%) - Rate: 274.0 runs/sec - ETA: 1.0 min
Progress: 37700/54000 (69.8%) - Rate: 274.1 runs/sec - ETA: 1.0 min
Progress: 37800/54000 (70.0%) - Rate: 274.2 runs/sec - ETA: 1.0 min
Progress: 37900/54000 (70.2%) - Rate: 274.4 runs/sec - ETA: 1.0 min
Progress: 38000/54000 (70.4%) - Rate: 274.5 runs/sec - ETA: 1.0 min
Progress: 38100/54000 (70.6%) - Rate: 274.6 runs/sec - ETA: 1.0 min
Progress: 38200/54000 (70.7%) - Rate: 274.7 runs/sec - ETA: 1.0 min
Progress: 38300/54000 (70.9%) - Rate: 274.9 runs/sec - ETA: 1.0 min
Progress: 38400/54000 (71.1%) - Rate: 275.0 runs/sec - ETA: 0.9 min
Progress: 38500/54000 (71.3%) - Rate: 275.1 runs/sec - ETA: 0.9 min
Progress: 38600/54000 (71.5%) - Rate: 275.3 runs/sec - ETA: 0.9 min
Progress: 38700/54000 (71.7%) - Rate: 275.4 runs/sec - ETA: 0.9 min
Progress: 38800/54000 (71.9%) - Rate: 275.5 runs/sec - ETA: 0.9 min
Progress: 38900/54000 (72.0%) - Rate: 275.6 runs/sec - ETA: 0.9 min
Progress: 39000/54000 (72.2%) - Rate: 275.7 runs/sec - ETA: 0.9 min
Progress: 39100/54000 (72.4%) - Rate: 275.8 runs/sec - ETA: 0.9 min
Progress: 39200/54000 (72.6%) - Rate: 275.9 runs/sec - ETA: 0.9 min
Progress: 39300/54000 (72.8%) - Rate: 276.1 runs/sec - ETA: 0.9 min
Progress: 39400/54000 (73.0%) - Rate: 276.2 runs/sec - ETA: 0.9 min
Progress: 39500/54000 (73.1%) - Rate: 276.3 runs/sec - ETA: 0.9 min
Progress: 39600/54000 (73.3%) - Rate: 276.4 runs/sec - ETA: 0.9 min
Progress: 39700/54000 (73.5%) - Rate: 276.5 runs/sec - ETA: 0.9 min
Progress: 39800/54000 (73.7%) - Rate: 276.7 runs/sec - ETA: 0.9 min
Progress: 39900/54000 (73.9%) - Rate: 276.8 runs/sec - ETA: 0.8 min
Progress: 40000/54000 (74.1%) - Rate: 276.9 runs/sec - ETA: 0.8 min
Progress: 40100/54000 (74.3%) - Rate: 277.0 runs/sec - ETA: 0.8 min
Progress: 40200/54000 (74.4%) - Rate: 277.1 runs/sec - ETA: 0.8 min
Progress: 40300/54000 (74.6%) - Rate: 277.2 runs/sec - ETA: 0.8 min
Progress: 40400/54000 (74.8%) - Rate: 277.3 runs/sec - ETA: 0.8 min
Progress: 40500/54000 (75.0%) - Rate: 277.5 runs/sec - ETA: 0.8 min
Progress: 40600/54000 (75.2%) - Rate: 277.5 runs/sec - ETA: 0.8 min
Progress: 40700/54000 (75.4%) - Rate: 277.7 runs/sec - ETA: 0.8 min
Progress: 40800/54000 (75.6%) - Rate: 277.8 runs/sec - ETA: 0.8 min
Progress: 40900/54000 (75.7%) - Rate: 277.9 runs/sec - ETA: 0.8 min
Progress: 41000/54000 (75.9%) - Rate: 278.0 runs/sec - ETA: 0.8 min
Progress: 41100/54000 (76.1%) - Rate: 278.1 runs/sec - ETA: 0.8 min
Progress: 41200/54000 (76.3%) - Rate: 278.2 runs/sec - ETA: 0.8 min
Progress: 41300/54000 (76.5%) - Rate: 278.3 runs/sec - ETA: 0.8 min
Progress: 41400/54000 (76.7%) - Rate: 278.4 runs/sec - ETA: 0.8 min
Progress: 41500/54000 (76.9%) - Rate: 278.5 runs/sec - ETA: 0.7 min
Progress: 41600/54000 (77.0%) - Rate: 278.6 runs/sec - ETA: 0.7 min
Progress: 41700/54000 (77.2%) - Rate: 278.7 runs/sec - ETA: 0.7 min
Progress: 41800/54000 (77.4%) - Rate: 278.8 runs/sec - ETA: 0.7 min
Progress: 41900/54000 (77.6%) - Rate: 278.9 runs/sec - ETA: 0.7 min
Progress: 42000/54000 (77.8%) - Rate: 279.0 runs/sec - ETA: 0.7 min
Progress: 42100/54000 (78.0%) - Rate: 279.1 runs/sec - ETA: 0.7 min
Progress: 42200/54000 (78.1%) - Rate: 279.2 runs/sec - ETA: 0.7 min
Progress: 42300/54000 (78.3%) - Rate: 279.3 runs/sec - ETA: 0.7 min
Progress: 42400/54000 (78.5%) - Rate: 279.4 runs/sec - ETA: 0.7 min
Progress: 42500/54000 (78.7%) - Rate: 279.5 runs/sec - ETA: 0.7 min
Progress: 42600/54000 (78.9%) - Rate: 279.6 runs/sec - ETA: 0.7 min
Progress: 42700/54000 (79.1%) - Rate: 279.7 runs/sec - ETA: 0.7 min
Progress: 42800/54000 (79.3%) - Rate: 279.8 runs/sec - ETA: 0.7 min
Progress: 42900/54000 (79.4%) - Rate: 279.9 runs/sec - ETA: 0.7 min
Progress: 43000/54000 (79.6%) - Rate: 280.0 runs/sec - ETA: 0.7 min
Progress: 43100/54000 (79.8%) - Rate: 280.1 runs/sec - ETA: 0.6 min
Progress: 43200/54000 (80.0%) - Rate: 280.2 runs/sec - ETA: 0.6 min
Progress: 43300/54000 (80.2%) - Rate: 280.3 runs/sec - ETA: 0.6 min
Progress: 43400/54000 (80.4%) - Rate: 280.4 runs/sec - ETA: 0.6 min
Progress: 43500/54000 (80.6%) - Rate: 280.5 runs/sec - ETA: 0.6 min
Progress: 43600/54000 (80.7%) - Rate: 280.6 runs/sec - ETA: 0.6 min
Progress: 43700/54000 (80.9%) - Rate: 280.7 runs/sec - ETA: 0.6 min
Progress: 43800/54000 (81.1%) - Rate: 280.8 runs/sec - ETA: 0.6 min
Progress: 43900/54000 (81.3%) - Rate: 280.9 runs/sec - ETA: 0.6 min
Progress: 44000/54000 (81.5%) - Rate: 281.0 runs/sec - ETA: 0.6 min
Progress: 44100/54000 (81.7%) - Rate: 281.1 runs/sec - ETA: 0.6 min
Progress: 44200/54000 (81.9%) - Rate: 281.2 runs/sec - ETA: 0.6 min
Progress: 44300/54000 (82.0%) - Rate: 281.3 runs/sec - ETA: 0.6 min
Progress: 44400/54000 (82.2%) - Rate: 281.4 runs/sec - ETA: 0.6 min
Progress: 44500/54000 (82.4%) - Rate: 281.5 runs/sec - ETA: 0.6 min
Progress: 44600/54000 (82.6%) - Rate: 281.6 runs/sec - ETA: 0.6 min
Progress: 44700/54000 (82.8%) - Rate: 281.7 runs/sec - ETA: 0.6 min
Progress: 44800/54000 (83.0%) - Rate: 281.8 runs/sec - ETA: 0.5 min
Progress: 44900/54000 (83.1%) - Rate: 281.8 runs/sec - ETA: 0.5 min
Progress: 45000/54000 (83.3%) - Rate: 281.9 runs/sec - ETA: 0.5 min
Progress: 45100/54000 (83.5%) - Rate: 282.0 runs/sec - ETA: 0.5 min
Progress: 45200/54000 (83.7%) - Rate: 282.1 runs/sec - ETA: 0.5 min
Progress: 45300/54000 (83.9%) - Rate: 282.2 runs/sec - ETA: 0.5 min
Progress: 45400/54000 (84.1%) - Rate: 282.3 runs/sec - ETA: 0.5 min
Progress: 45500/54000 (84.3%) - Rate: 282.4 runs/sec - ETA: 0.5 min
Progress: 45600/54000 (84.4%) - Rate: 282.5 runs/sec - ETA: 0.5 min
Progress: 45700/54000 (84.6%) - Rate: 282.6 runs/sec - ETA: 0.5 min
Progress: 45800/54000 (84.8%) - Rate: 282.7 runs/sec - ETA: 0.5 min
Progress: 45900/54000 (85.0%) - Rate: 282.8 runs/sec - ETA: 0.5 min
Progress: 46000/54000 (85.2%) - Rate: 282.9 runs/sec - ETA: 0.5 min
Progress: 46100/54000 (85.4%) - Rate: 282.9 runs/sec - ETA: 0.5 min
Progress: 46200/54000 (85.6%) - Rate: 283.0 runs/sec - ETA: 0.5 min
Progress: 46300/54000 (85.7%) - Rate: 283.1 runs/sec - ETA: 0.5 min
Progress: 46400/54000 (85.9%) - Rate: 283.2 runs/sec - ETA: 0.4 min
Progress: 46500/54000 (86.1%) - Rate: 283.3 runs/sec - ETA: 0.4 min
Progress: 46600/54000 (86.3%) - Rate: 283.4 runs/sec - ETA: 0.4 min
Progress: 46700/54000 (86.5%) - Rate: 283.5 runs/sec - ETA: 0.4 min
Progress: 46800/54000 (86.7%) - Rate: 283.6 runs/sec - ETA: 0.4 min
Progress: 46900/54000 (86.9%) - Rate: 283.7 runs/sec - ETA: 0.4 min
Progress: 47000/54000 (87.0%) - Rate: 283.7 runs/sec - ETA: 0.4 min
Progress: 47100/54000 (87.2%) - Rate: 283.8 runs/sec - ETA: 0.4 min
Progress: 47200/54000 (87.4%) - Rate: 283.9 runs/sec - ETA: 0.4 min
Progress: 47300/54000 (87.6%) - Rate: 284.0 runs/sec - ETA: 0.4 min
Progress: 47400/54000 (87.8%) - Rate: 284.0 runs/sec - ETA: 0.4 min
Progress: 47500/54000 (88.0%) - Rate: 284.1 runs/sec - ETA: 0.4 min
Progress: 47600/54000 (88.1%) - Rate: 284.2 runs/sec - ETA: 0.4 min
Progress: 47700/54000 (88.3%) - Rate: 284.2 runs/sec - ETA: 0.4 min
Progress: 47800/54000 (88.5%) - Rate: 284.3 runs/sec - ETA: 0.4 min
Progress: 47900/54000 (88.7%) - Rate: 284.4 runs/sec - ETA: 0.4 min
Progress: 48000/54000 (88.9%) - Rate: 284.5 runs/sec - ETA: 0.4 min
Progress: 48100/54000 (89.1%) - Rate: 284.6 runs/sec - ETA: 0.3 min
Progress: 48200/54000 (89.3%) - Rate: 284.7 runs/sec - ETA: 0.3 min
Progress: 48300/54000 (89.4%) - Rate: 284.7 runs/sec - ETA: 0.3 min
Progress: 48400/54000 (89.6%) - Rate: 284.8 runs/sec - ETA: 0.3 min
Progress: 48500/54000 (89.8%) - Rate: 284.9 runs/sec - ETA: 0.3 min
Progress: 48600/54000 (90.0%) - Rate: 285.0 runs/sec - ETA: 0.3 min
Progress: 48700/54000 (90.2%) - Rate: 285.1 runs/sec - ETA: 0.3 min
Progress: 48800/54000 (90.4%) - Rate: 285.1 runs/sec - ETA: 0.3 min
Progress: 48900/54000 (90.6%) - Rate: 285.2 runs/sec - ETA: 0.3 min
Progress: 49000/54000 (90.7%) - Rate: 285.3 runs/sec - ETA: 0.3 min
Progress: 49100/54000 (90.9%) - Rate: 285.3 runs/sec - ETA: 0.3 min
Progress: 49200/54000 (91.1%) - Rate: 285.4 runs/sec - ETA: 0.3 min
Progress: 49300/54000 (91.3%) - Rate: 285.5 runs/sec - ETA: 0.3 min
Progress: 49400/54000 (91.5%) - Rate: 285.6 runs/sec - ETA: 0.3 min
Progress: 49500/54000 (91.7%) - Rate: 285.7 runs/sec - ETA: 0.3 min
Progress: 49600/54000 (91.9%) - Rate: 285.8 runs/sec - ETA: 0.3 min
Progress: 49700/54000 (92.0%) - Rate: 285.9 runs/sec - ETA: 0.3 min
Progress: 49800/54000 (92.2%) - Rate: 286.0 runs/sec - ETA: 0.2 min
Progress: 49900/54000 (92.4%) - Rate: 286.1 runs/sec - ETA: 0.2 min
Progress: 50000/54000 (92.6%) - Rate: 286.2 runs/sec - ETA: 0.2 min
Progress: 50100/54000 (92.8%) - Rate: 286.2 runs/sec - ETA: 0.2 min
Progress: 50200/54000 (93.0%) - Rate: 286.3 runs/sec - ETA: 0.2 min
Progress: 50300/54000 (93.1%) - Rate: 286.4 runs/sec - ETA: 0.2 min
Progress: 50400/54000 (93.3%) - Rate: 286.5 runs/sec - ETA: 0.2 min
Progress: 50500/54000 (93.5%) - Rate: 286.6 runs/sec - ETA: 0.2 min
Progress: 50600/54000 (93.7%) - Rate: 286.7 runs/sec - ETA: 0.2 min
Progress: 50700/54000 (93.9%) - Rate: 286.8 runs/sec - ETA: 0.2 min
Progress: 50800/54000 (94.1%) - Rate: 287.0 runs/sec - ETA: 0.2 min
Progress: 50900/54000 (94.3%) - Rate: 287.3 runs/sec - ETA: 0.2 min
Progress: 51000/54000 (94.4%) - Rate: 287.7 runs/sec - ETA: 0.2 min
Progress: 51100/54000 (94.6%) - Rate: 288.1 runs/sec - ETA: 0.2 min
Progress: 51200/54000 (94.8%) - Rate: 288.5 runs/sec - ETA: 0.2 min
Progress: 51300/54000 (95.0%) - Rate: 288.9 runs/sec - ETA: 0.2 min
Progress: 51400/54000 (95.2%) - Rate: 289.3 runs/sec - ETA: 0.1 min
Progress: 51500/54000 (95.4%) - Rate: 289.7 runs/sec - ETA: 0.1 min
Progress: 51600/54000 (95.6%) - Rate: 290.1 runs/sec - ETA: 0.1 min
Progress: 51700/54000 (95.7%) - Rate: 290.5 runs/sec - ETA: 0.1 min
Progress: 51800/54000 (95.9%) - Rate: 290.8 runs/sec - ETA: 0.1 min
Progress: 51900/54000 (96.1%) - Rate: 291.2 runs/sec - ETA: 0.1 min
Progress: 52000/54000 (96.3%) - Rate: 291.6 runs/sec - ETA: 0.1 min
Progress: 52100/54000 (96.5%) - Rate: 292.0 runs/sec - ETA: 0.1 min
Progress: 52200/54000 (96.7%) - Rate: 292.4 runs/sec - ETA: 0.1 min
Progress: 52300/54000 (96.9%) - Rate: 292.8 runs/sec - ETA: 0.1 min
Progress: 52400/54000 (97.0%) - Rate: 293.2 runs/sec - ETA: 0.1 min
Progress: 52500/54000 (97.2%) - Rate: 293.5 runs/sec - ETA: 0.1 min
Progress: 52600/54000 (97.4%) - Rate: 293.9 runs/sec - ETA: 0.1 min
Progress: 52700/54000 (97.6%) - Rate: 294.3 runs/sec - ETA: 0.1 min
Progress: 52800/54000 (97.8%) - Rate: 294.7 runs/sec - ETA: 0.1 min
Progress: 52900/54000 (98.0%) - Rate: 295.1 runs/sec - ETA: 0.1 min
Progress: 53000/54000 (98.1%) - Rate: 295.4 runs/sec - ETA: 0.1 min
Progress: 53100/54000 (98.3%) - Rate: 295.8 runs/sec - ETA: 0.1 min
Progress: 53200/54000 (98.5%) - Rate: 296.2 runs/sec - ETA: 0.0 min
Progress: 53300/54000 (98.7%) - Rate: 296.6 runs/sec - ETA: 0.0 min
Progress: 53400/54000 (98.9%) - Rate: 297.0 runs/sec - ETA: 0.0 min
Progress: 53500/54000 (99.1%) - Rate: 297.3 runs/sec - ETA: 0.0 min
Progress: 53600/54000 (99.3%) - Rate: 297.7 runs/sec - ETA: 0.0 min
Progress: 53700/54000 (99.4%) - Rate: 298.1 runs/sec - ETA: 0.0 min
Progress: 53800/54000 (99.6%) - Rate: 298.5 runs/sec - ETA: 0.0 min
Progress: 53900/54000 (99.8%) - Rate: 298.9 runs/sec - ETA: 0.0 min

================================================================================
Batch processing complete!
Total time: 3.0 minutes (0.05 hours)
Successful: 54000
Failed: 0
Rate: 299.24 runs/sec
Output saved to: /home/ab823254/data/tiered_pricing_network_economics/result_analysis/batch_results
Log saved to: /home/ab823254/data/tiered_pricing_network_economics/result_analysis/batch_results/processing_log.txt
================================================================================
